<?xml version="1.0" encoding="UTF-8"?>
<testng-results ignored="0" total="1" passed="1" failed="0" skipped="0">
  <reporter-output>
  </reporter-output>
  <suite started-at="2023-04-07T09:43:42 IST" name="Default suite" finished-at="2023-04-07T09:44:28 IST" duration-ms="45973">
    <groups>
    </groups>
    <test started-at="2023-04-07T09:43:42 IST" name="Default test" finished-at="2023-04-07T09:44:28 IST" duration-ms="45973">
      <class name="Configuration.VideoConfSetup">
        <test-method is-config="true" signature="before()[pri:0, instance:Configuration.VideoConfSetup@6e6f2380]" started-at="2023-04-07T09:43:42 IST" name="before" finished-at="2023-04-07T09:44:11 IST" duration-ms="29102" status="PASS">
          <reporter-output>
          </reporter-output>
        </test-method> <!-- before -->
        <test-method signature="video()[pri:0, instance:Configuration.VideoConfSetup@6e6f2380]" started-at="2023-04-07T09:44:11 IST" name="video" finished-at="2023-04-07T09:44:28 IST" duration-ms="16756" status="PASS">
          <reporter-output>
          </reporter-output>
        </test-method> <!-- video -->
        <test-method is-config="true" signature="after()[pri:0, instance:Configuration.VideoConfSetup@6e6f2380]" started-at="2023-04-07T09:44:28 IST" name="after" finished-at="2023-04-07T09:44:28 IST" duration-ms="4" status="PASS">
          <reporter-output>
          </reporter-output>
        </test-method> <!-- after -->
      </class> <!-- Configuration.VideoConfSetup -->
    </test> <!-- Default test -->
  </suite> <!-- Default suite -->
</testng-results>
